<?xml version="1.0" encoding="UTF-8"?>
<!-- Generated by org.testng.reporters.JUnitReportReporter -->
<testsuite hostname="AngelsDen" failures="0" tests="4" name="com.maven.test.TestSeries" time="50.464" errors="0" timestamp="2022-06-26T20:55:49 IST" skipped="0">
  <testcase classname="com.maven.test.TestSeries" name="AutoOne" time="9.276"/>
  <system-out/>
  <testcase classname="com.maven.test.TestSeries" name="AutoTwo" time="20.867"/>
  <system-out/>
  <testcase classname="com.maven.test.TestSeries" name="AutoThree" time="11.129"/>
  <system-out/>
  <testcase classname="com.maven.test.TestSeries" name="AutoFour" time="9.192"/>
  <system-out/>
</testsuite> <!-- com.maven.test.TestSeries -->
