<?xml version="1.0" encoding="UTF-8"?>
<!-- Generated by org.testng.reporters.JUnitReportReporter -->
<testsuite hostname="AngelsDen" failures="0" tests="4" name="com.maven.test.TestSeries" time="48.998" errors="0" timestamp="2022-06-26T22:41:31 IST" skipped="0">
  <testcase classname="com.maven.test.TestSeries" name="AutoOne" time="11.254"/>
  <system-out/>
  <testcase classname="com.maven.test.TestSeries" name="AutoTwo" time="12.215"/>
  <system-out/>
  <testcase classname="com.maven.test.TestSeries" name="AutoThree" time="8.662"/>
  <system-out/>
  <testcase classname="com.maven.test.TestSeries" name="AutoFour" time="16.867"/>
  <system-out/>
</testsuite> <!-- com.maven.test.TestSeries -->
